Using pre-set license
Built from '2020.3/staging' branch; Version is '2020.3.22f1 (e1a7f79fd887) revision 14788599'; Using compiler version '192528614'; Build Type 'Release'
OS: 'Windows 10 Home; OS build 19042.1348; Version 2009; 64bit' Language: 'en' Physical Memory: 15792 MB
BatchMode: 1, IsHumanControllingUs: 0, StartBugReporterOnCrash: 0, Is64bit: 1, IsPro: 0

COMMAND LINE ARGUMENTS:
C:\Program Files\Unity\Hub\Editor\2020.3.22f1\Editor\Unity.exe
-adb2
-batchMode
-noUpm
-name
AssetImportWorker0
-projectPath
C:/Users/alla2/Documents/GitHub/G-Tact/JunctionGame (1)
-logFile
Logs/AssetImportWorker0.log
-srvPort
56011
Successfully changed project path to: C:/Users/alla2/Documents/GitHub/G-Tact/JunctionGame (1)
C:/Users/alla2/Documents/GitHub/G-Tact/JunctionGame (1)
Using Asset Import Pipeline V2.
Refreshing native plugins compatible for Editor in 57.35 ms, found 2 plugins.
Preloading 0 native plugins for Editor in 0.00 ms.
Initialize engine version: 2020.3.22f1 (e1a7f79fd887)
[Subsystems] Discovering subsystems at path C:/Program Files/Unity/Hub/Editor/2020.3.22f1/Editor/Data/Resources/UnitySubsystems
[Subsystems] Discovering subsystems at path C:/Users/alla2/Documents/GitHub/G-Tact/JunctionGame (1)/Assets
GfxDevice: creating device client; threaded=0
Direct3D:
    Version:  Direct3D 11.0 [level 11.1]
    Renderer: NVIDIA GeForce RTX 3050 Ti Laptop GPU (ID=0x25a0)
    Vendor:   
    VRAM:     3990 MB
    Driver:   27.21.14.6235
Initialize mono
Mono path[0] = 'C:/Program Files/Unity/Hub/Editor/2020.3.22f1/Editor/Data/Managed'
Mono path[1] = 'C:/Program Files/Unity/Hub/Editor/2020.3.22f1/Editor/Data/MonoBleedingEdge/lib/mono/unityjit'
Mono config path = 'C:/Program Files/Unity/Hub/Editor/2020.3.22f1/Editor/Data/MonoBleedingEdge/etc'
Using monoOptions --debugger-agent=transport=dt_socket,embedding=1,server=y,suspend=n,address=127.0.0.1:56676
Begin MonoManager ReloadAssembly
Registering precompiled unity dll's ...
Register platform support module: C:/Program Files/Unity/Hub/Editor/2020.3.22f1/Editor/Data/PlaybackEngines/WindowsStandaloneSupport/UnityEditor.WindowsStandalone.Extensions.dll
Registered in 0.003510 seconds.
Native extension for WindowsStandalone target not found
Refreshing native plugins compatible for Editor in 56.04 ms, found 2 plugins.
Preloading 0 native plugins for Editor in 0.00 ms.
Mono: successfully reloaded assembly
- Completed reload, in  4.431 seconds
Domain Reload Profiling:
	ReloadAssembly (4431ms)
		BeginReloadAssembly (63ms)
			ExecutionOrderSort (0ms)
			DisableScriptedObjects (0ms)
			BackupInstance (0ms)
			ReleaseScriptingObjects (0ms)
			CreateAndSetChildDomain (1ms)
		EndReloadAssembly (451ms)
			LoadAssemblies (61ms)
			RebuildTransferFunctionScriptingTraits (0ms)
			SetupTypeCache (138ms)
			ReleaseScriptCaches (0ms)
			RebuildScriptCaches (29ms)
			SetupLoadedEditorAssemblies (185ms)
				LogAssemblyErrors (0ms)
				InitializePlatformSupportModulesInManaged (3ms)
				SetLoadedEditorAssemblies (0ms)
				RefreshPlugins (56ms)
				BeforeProcessingInitializeOnLoad (15ms)
				ProcessInitializeOnLoadAttributes (77ms)
				ProcessInitializeOnLoadMethodAttributes (32ms)
				AfterProcessingInitializeOnLoad (0ms)
				EditorAssembliesLoaded (0ms)
			ExecutionOrderSort2 (0ms)
			AwakeInstancesAfterBackupRestoration (0ms)
Platform modules already initialized, skipping
Registering precompiled user dll's ...
Registered in 0.019733 seconds.
Begin MonoManager ReloadAssembly
Native extension for WindowsStandalone target not found
Refreshing native plugins compatible for Editor in 55.97 ms, found 2 plugins.
Preloading 0 native plugins for Editor in 0.00 ms.
Mono: successfully reloaded assembly
- Completed reload, in  1.164 seconds
Domain Reload Profiling:
	ReloadAssembly (1165ms)
		BeginReloadAssembly (143ms)
			ExecutionOrderSort (0ms)
			DisableScriptedObjects (4ms)
			BackupInstance (0ms)
			ReleaseScriptingObjects (0ms)
			CreateAndSetChildDomain (19ms)
		EndReloadAssembly (958ms)
			LoadAssemblies (146ms)
			RebuildTransferFunctionScriptingTraits (0ms)
			SetupTypeCache (320ms)
			ReleaseScriptCaches (1ms)
			RebuildScriptCaches (46ms)
			SetupLoadedEditorAssemblies (342ms)
				LogAssemblyErrors (0ms)
				InitializePlatformSupportModulesInManaged (4ms)
				SetLoadedEditorAssemblies (0ms)
				RefreshPlugins (56ms)
				BeforeProcessingInitializeOnLoad (86ms)
				ProcessInitializeOnLoadAttributes (175ms)
				ProcessInitializeOnLoadMethodAttributes (12ms)
				AfterProcessingInitializeOnLoad (9ms)
				EditorAssembliesLoaded (0ms)
			ExecutionOrderSort2 (0ms)
			AwakeInstancesAfterBackupRestoration (6ms)
Platform modules already initialized, skipping
========================================================================
Worker process is ready to serve import requests
Launched and connected shader compiler UnityShaderCompiler.exe after 0.08 seconds
Refreshing native plugins compatible for Editor in 0.68 ms, found 2 plugins.
Preloading 0 native plugins for Editor in 0.00 ms.
Unloading 2859 Unused Serialized files (Serialized files now loaded: 0)
System memory in use before: 146.7 MB.
System memory in use after: 146.9 MB.

Unloading 20 unused Assets to reduce memory usage. Loaded Objects now: 3311.
Total: 3.178300 ms (FindLiveObjects: 0.306400 ms CreateObjectMapping: 0.084100 ms MarkObjects: 2.712400 ms  DeleteObjects: 0.074200 ms)

AssetImportParameters requested are different than current active one (requested -> active):
  custom:framework-win-MediaFoundation: 216162199b28c13a410421893ffa2e32 -> 
  custom:video-decoder-ogg-theora: a1e56fd34408186e4bbccfd4996cb3dc -> 
  custom:container-muxer-webm: aa71ff27fc2769a1b78a27578f13a17b -> 
  custom:container-demuxer-webm: 4f35f7cbe854078d1ac9338744f61a02 -> 
  custom:container-demuxer-ogg: 62fdf1f143b41e24485cea50d1cbac27 -> 
  custom:video-encoder-webm-vp8: eb34c28f22e8b96e1ab97ce403110664 -> 
  custom:video-codec-MediaFoundation-h265: 746d11721c4dcdbdad8f713fa42b33f4 -> 
  custom:video-decoder-webm-vp8: 9c59270c3fd7afecdb556c50c9e8de78 -> 
  custom:audio-decoder-ogg-vorbis: bf7c407c2cedff20999df2af8eb42d56 -> 
  custom:audio-encoder-webm-vorbis: bf7c407c2cedff20999df2af8eb42d56 -> 
========================================================================
Received Import Request.
  path: Assets/Alla Rakik/Frame 3.png
  artifactKey: Guid(2da48fe385b56e349b3a94239e6a5801) Importer(815301076,1909f56bfc062723c751e8b465ee728b)
Start importing Assets/Alla Rakik/Frame 3.png using Guid(2da48fe385b56e349b3a94239e6a5801) Importer(815301076,1909f56bfc062723c751e8b465ee728b)  -> (artifact id: 'aeff6162831a5526390ad4b0a9d460d0') in 0.112090 seconds 
  Import took 0.116564 seconds .

========================================================================
Received Import Request.
  Time since last request: 0.000283 seconds.
  path: Assets/Alla Rakik/Frame 2.png
  artifactKey: Guid(66f324b07aca81f438504dda04558c4a) Importer(815301076,1909f56bfc062723c751e8b465ee728b)
Start importing Assets/Alla Rakik/Frame 2.png using Guid(66f324b07aca81f438504dda04558c4a) Importer(815301076,1909f56bfc062723c751e8b465ee728b)  -> (artifact id: 'fa7165648f949a980661a6edd4e34c19') in 0.012055 seconds 
  Import took 0.016924 seconds .

========================================================================
Received Import Request.
  Time since last request: 0.000382 seconds.
  path: Assets/Alla Rakik/Frame 4.png
  artifactKey: Guid(f52d1edb499231547bea354b21344420) Importer(815301076,1909f56bfc062723c751e8b465ee728b)
Start importing Assets/Alla Rakik/Frame 4.png using Guid(f52d1edb499231547bea354b21344420) Importer(815301076,1909f56bfc062723c751e8b465ee728b)  -> (artifact id: 'ac8e97a1141473a1ab9b4bb6544f849b') in 0.013489 seconds 
  Import took 0.018672 seconds .

========================================================================
Received Import Request.
  Time since last request: 0.000373 seconds.
  path: Assets/Alla Rakik/Frame 5.png
  artifactKey: Guid(bf40d43be6b59df41a9d5daf5b8dfae7) Importer(815301076,1909f56bfc062723c751e8b465ee728b)
Start importing Assets/Alla Rakik/Frame 5.png using Guid(bf40d43be6b59df41a9d5daf5b8dfae7) Importer(815301076,1909f56bfc062723c751e8b465ee728b)  -> (artifact id: '12437c42d54bac9c3d10c6df7c44acdd') in 0.013300 seconds 
  Import took 0.018214 seconds .

========================================================================
Received Import Request.
  Time since last request: 24.174852 seconds.
  path: Assets/Alla Rakik/Frame 2.png
  artifactKey: Guid(66f324b07aca81f438504dda04558c4a) Importer(815301076,1909f56bfc062723c751e8b465ee728b)
Start importing Assets/Alla Rakik/Frame 2.png using Guid(66f324b07aca81f438504dda04558c4a) Importer(815301076,1909f56bfc062723c751e8b465ee728b)  -> (artifact id: '20d3e75996a4969ee5895bec14a83062') in 0.045980 seconds 
  Import took 0.051255 seconds .

========================================================================
Received Import Request.
  Time since last request: 0.000245 seconds.
  path: Assets/Alla Rakik/Frame 3.png
  artifactKey: Guid(2da48fe385b56e349b3a94239e6a5801) Importer(815301076,1909f56bfc062723c751e8b465ee728b)
Start importing Assets/Alla Rakik/Frame 3.png using Guid(2da48fe385b56e349b3a94239e6a5801) Importer(815301076,1909f56bfc062723c751e8b465ee728b)  -> (artifact id: '3290de9254e5280786b52207666c011d') in 0.015705 seconds 
  Import took 0.020273 seconds .

========================================================================
Received Import Request.
  Time since last request: 0.000326 seconds.
  path: Assets/Alla Rakik/Frame 4.png
  artifactKey: Guid(f52d1edb499231547bea354b21344420) Importer(815301076,1909f56bfc062723c751e8b465ee728b)
Start importing Assets/Alla Rakik/Frame 4.png using Guid(f52d1edb499231547bea354b21344420) Importer(815301076,1909f56bfc062723c751e8b465ee728b)  -> (artifact id: '8ff142381f0a9a6cfcedb238c28caf61') in 0.016055 seconds 
  Import took 0.021585 seconds .

========================================================================
Received Import Request.
  Time since last request: 0.000224 seconds.
  path: Assets/Alla Rakik/Frame 5.png
  artifactKey: Guid(bf40d43be6b59df41a9d5daf5b8dfae7) Importer(815301076,1909f56bfc062723c751e8b465ee728b)
Start importing Assets/Alla Rakik/Frame 5.png using Guid(bf40d43be6b59df41a9d5daf5b8dfae7) Importer(815301076,1909f56bfc062723c751e8b465ee728b)  -> (artifact id: '3b071de7292cbca0e46094453542d9b6') in 0.014019 seconds 
  Import took 0.018802 seconds .

========================================================================
Received Import Request.
  Time since last request: 185.049979 seconds.
  path: Assets/Alla Rakik/MainMenu.unity
  artifactKey: Guid(de17064a5cb59ea4aa706e04a6114411) Importer(815301076,1909f56bfc062723c751e8b465ee728b)
Start importing Assets/Alla Rakik/MainMenu.unity using Guid(de17064a5cb59ea4aa706e04a6114411) Importer(815301076,1909f56bfc062723c751e8b465ee728b)  -> (artifact id: '30df6053edd391dbc1eba5833a901613') in 0.005413 seconds 
  Import took 0.010411 seconds .

========================================================================
Received Import Request.
  Time since last request: 136.079494 seconds.
  path: Assets/Alla Rakik/FontsFree-Net-Lastica.ttf
  artifactKey: Guid(e298022aa2f1a014a98aae834e529deb) Importer(815301076,1909f56bfc062723c751e8b465ee728b)
Start importing Assets/Alla Rakik/FontsFree-Net-Lastica.ttf using Guid(e298022aa2f1a014a98aae834e529deb) Importer(815301076,1909f56bfc062723c751e8b465ee728b)  -> (artifact id: 'd3b64d932212e978feaea62810a08536') in 0.172128 seconds 
  Import took 0.176826 seconds .

========================================================================
Received Import Request.
  Time since last request: 144.174524 seconds.
  path: Assets/Alla Rakik/FontsFree-Net-Mont2.ttf
  artifactKey: Guid(a6bafbc826049ff419fad1e1c4ab2f4a) Importer(815301076,1909f56bfc062723c751e8b465ee728b)
Start importing Assets/Alla Rakik/FontsFree-Net-Mont2.ttf using Guid(a6bafbc826049ff419fad1e1c4ab2f4a) Importer(815301076,1909f56bfc062723c751e8b465ee728b)  -> (artifact id: 'd3024722d2687f2e609cc4b8fa55a957') in 0.014356 seconds 
  Import took 0.019130 seconds .

========================================================================
Received Prepare
Registering precompiled user dll's ...
Registered in 0.009206 seconds.
Begin MonoManager ReloadAssembly
Native extension for WindowsStandalone target not found
Refreshing native plugins compatible for Editor in 1.35 ms, found 2 plugins.
Preloading 0 native plugins for Editor in 0.00 ms.
Mono: successfully reloaded assembly
- Completed reload, in  1.070 seconds
Domain Reload Profiling:
	ReloadAssembly (1071ms)
		BeginReloadAssembly (145ms)
			ExecutionOrderSort (0ms)
			DisableScriptedObjects (6ms)
			BackupInstance (0ms)
			ReleaseScriptingObjects (0ms)
			CreateAndSetChildDomain (42ms)
		EndReloadAssembly (858ms)
			LoadAssemblies (111ms)
			RebuildTransferFunctionScriptingTraits (0ms)
			SetupTypeCache (283ms)
			ReleaseScriptCaches (1ms)
			RebuildScriptCaches (36ms)
			SetupLoadedEditorAssemblies (294ms)
				LogAssemblyErrors (0ms)
				InitializePlatformSupportModulesInManaged (7ms)
				SetLoadedEditorAssemblies (1ms)
				RefreshPlugins (2ms)
				BeforeProcessingInitializeOnLoad (89ms)
				ProcessInitializeOnLoadAttributes (180ms)
				ProcessInitializeOnLoadMethodAttributes (9ms)
				AfterProcessingInitializeOnLoad (7ms)
				EditorAssembliesLoaded (0ms)
			ExecutionOrderSort2 (0ms)
			AwakeInstancesAfterBackupRestoration (15ms)
Platform modules already initialized, skipping
Switching build target platform(19) subTarget(0) extendedPlatform(0) -> platform(13) subTarget(537395200) extendedPlatform(0)
Refreshing native plugins compatible for Editor in 0.56 ms, found 2 plugins.
Preloading 0 native plugins for Editor in 0.00 ms.
Unloading 2751 Unused Serialized files (Serialized files now loaded: 0)
System memory in use before: 144.2 MB.
System memory in use after: 144.5 MB.

Unloading 15 unused Assets to reduce memory usage. Loaded Objects now: 3399.
Total: 3.612200 ms (FindLiveObjects: 0.343600 ms CreateObjectMapping: 0.102200 ms MarkObjects: 3.141100 ms  DeleteObjects: 0.024100 ms)

AssetImportParameters requested are different than current active one (requested -> active):
  custom:framework-win-MediaFoundation: 216162199b28c13a410421893ffa2e32 -> 
  custom:video-decoder-ogg-theora: a1e56fd34408186e4bbccfd4996cb3dc -> 
  custom:container-muxer-webm: aa71ff27fc2769a1b78a27578f13a17b -> 
  custom:container-demuxer-webm: 4f35f7cbe854078d1ac9338744f61a02 -> 
  custom:container-demuxer-ogg: 62fdf1f143b41e24485cea50d1cbac27 -> 
  custom:video-encoder-webm-vp8: eb34c28f22e8b96e1ab97ce403110664 -> 
  custom:video-codec-MediaFoundation-h265: 746d11721c4dcdbdad8f713fa42b33f4 -> 
  custom:video-decoder-webm-vp8: 9c59270c3fd7afecdb556c50c9e8de78 -> 
  custom:graphics/normal-map-encoding: 01000000000000000000000000000000 -> 02000000000000000000000000000000
  custom:audio-decoder-ogg-vorbis: bf7c407c2cedff20999df2af8eb42d56 -> 
  custom:audio-encoder-webm-vorbis: bf7c407c2cedff20999df2af8eb42d56 -> 
AssetImportWorkerClient::OnTransportError - code=2 error=End of file
